Start testing: Jan 30 10:46 CST
----------------------------------------------------------
1/2 Testing: StringTest.BasicTests
1/2 Test: StringTest.BasicTests
Command: "/Users/cole/code/ME495/testProject/build/tests/unit_tests" "--gtest_filter=StringTest.BasicTests" "--gtest_also_run_disabled_tests"
Directory: /Users/cole/code/ME495/testProject/build/tests
"StringTest.BasicTests" start time: Jan 30 10:46 CST
Output:
----------------------------------------------------------
Note: Google Test filter = StringTest.BasicTests
[==========] Running 1 test from 1 test suite.
[----------] Global test environment set-up.
[----------] 1 test from StringTest
[ RUN      ] StringTest.BasicTests
[       OK ] StringTest.BasicTests (0 ms)
[----------] 1 test from StringTest (0 ms total)

[----------] Global test environment tear-down
[==========] 1 test from 1 test suite ran. (0 ms total)
[  PASSED  ] 1 test.
<end of output>
Test time =   0.00 sec
----------------------------------------------------------
Test Passed.
"StringTest.BasicTests" end time: Jan 30 10:46 CST
"StringTest.BasicTests" time elapsed: 00:00:00
----------------------------------------------------------

2/2 Testing: StringTest.SpecialCharacters
2/2 Test: StringTest.SpecialCharacters
Command: "/Users/cole/code/ME495/testProject/build/tests/unit_tests" "--gtest_filter=StringTest.SpecialCharacters" "--gtest_also_run_disabled_tests"
Directory: /Users/cole/code/ME495/testProject/build/tests
"StringTest.SpecialCharacters" start time: Jan 30 10:46 CST
Output:
----------------------------------------------------------
Note: Google Test filter = StringTest.SpecialCharacters
[==========] Running 1 test from 1 test suite.
[----------] Global test environment set-up.
[----------] 1 test from StringTest
[ RUN      ] StringTest.SpecialCharacters
[       OK ] StringTest.SpecialCharacters (0 ms)
[----------] 1 test from StringTest (0 ms total)

[----------] Global test environment tear-down
[==========] 1 test from 1 test suite ran. (0 ms total)
[  PASSED  ] 1 test.
<end of output>
Test time =   0.00 sec
----------------------------------------------------------
Test Passed.
"StringTest.SpecialCharacters" end time: Jan 30 10:46 CST
"StringTest.SpecialCharacters" time elapsed: 00:00:00
----------------------------------------------------------

End testing: Jan 30 10:46 CST
